<?xml version='1.0' encoding='UTF-8'?>
<testsuite hostname="fedora" name="A5TestsL2" tests="3" errors="0" failures="0" skipped="0" time="0.538" timestamp="2024-11-21T16:16:26">
          <properties>
[...]
</properties>
          <testcase classname="A5TestsL2" name="printprocedure" time="0.208">
                      
                    </testcase><testcase classname="A5TestsL2" name="printArray" time="0.205">
                      
                    </testcase><testcase classname="A5TestsL2" name="Tree" time="0.125">
                      
                    </testcase>
          <system-out><![CDATA[]]></system-out>
          <system-err><![CDATA[]]></system-err>
        </testsuite>