<?xml version='1.0' encoding='UTF-8'?>
<testsuite hostname="fedora" name="A2Tests" tests="3" errors="0" failures="0" skipped="0" time="0.049" timestamp="2024-10-03T13:44:14">
          <properties>
[...]
</properties>
          <testcase classname="A2Tests" name="helping someone with 241" time="0.026">
                      
                    </testcase><testcase classname="A2Tests" name="God help me" time="0.015">
                      
                    </testcase><testcase classname="A2Tests" name="This better wrk" time="0.008">
                      
                    </testcase>
          <system-out><![CDATA[]]></system-out>
          <system-err><![CDATA[]]></system-err>
        </testsuite>